State 0:
          formula ::= * expr
          expr ::= * expr ADD expr
          expr ::= * expr SUB expr
          expr ::= * expr MUL expr
          expr ::= * expr DIV expr
          expr ::= * LPAREN expr RPAREN
          expr ::= * LITERAL

                        LPAREN shift        1      
                       LITERAL shift-reduce 6      expr ::= LITERAL
                       formula accept
                          expr shift        7      

State 1:
          expr ::= * expr ADD expr
          expr ::= * expr SUB expr
          expr ::= * expr MUL expr
          expr ::= * expr DIV expr
          expr ::= * LPAREN expr RPAREN
          expr ::= LPAREN * expr RPAREN
          expr ::= * LITERAL

                        LPAREN shift        1      
                       LITERAL shift-reduce 6      expr ::= LITERAL
                          expr shift        6      

State 2:
          expr ::= * expr ADD expr
          expr ::= * expr SUB expr
          expr ::= * expr MUL expr
          expr ::= * expr DIV expr
          expr ::= expr DIV * expr
          expr ::= * LPAREN expr RPAREN
          expr ::= * LITERAL

                        LPAREN shift        1      
                       LITERAL shift-reduce 6      expr ::= LITERAL
                          expr shift-reduce 4      expr ::= expr DIV expr

State 3:
          expr ::= * expr ADD expr
          expr ::= * expr SUB expr
          expr ::= * expr MUL expr
          expr ::= expr MUL * expr
          expr ::= * expr DIV expr
          expr ::= * LPAREN expr RPAREN
          expr ::= * LITERAL

                        LPAREN shift        1      
                       LITERAL shift-reduce 6      expr ::= LITERAL
                          expr shift-reduce 3      expr ::= expr MUL expr

State 4:
          expr ::= * expr ADD expr
          expr ::= * expr SUB expr
          expr ::= expr SUB * expr
          expr ::= * expr MUL expr
          expr ::= * expr DIV expr
          expr ::= * LPAREN expr RPAREN
          expr ::= * LITERAL

                        LPAREN shift        1      
                       LITERAL shift-reduce 6      expr ::= LITERAL
                          expr shift        8      

State 5:
          expr ::= * expr ADD expr
          expr ::= expr ADD * expr
          expr ::= * expr SUB expr
          expr ::= * expr MUL expr
          expr ::= * expr DIV expr
          expr ::= * LPAREN expr RPAREN
          expr ::= * LITERAL

                        LPAREN shift        1      
                       LITERAL shift-reduce 6      expr ::= LITERAL
                          expr shift        9      

State 6:
          expr ::= expr * ADD expr
          expr ::= expr * SUB expr
          expr ::= expr * MUL expr
          expr ::= expr * DIV expr
          expr ::= LPAREN expr * RPAREN

                           ADD shift        5      
                           SUB shift        4      
                           MUL shift        3      
                           DIV shift        2      
                        RPAREN shift-reduce 5      expr ::= LPAREN expr RPAREN

State 7:
      (0) formula ::= expr *
          expr ::= expr * ADD expr
          expr ::= expr * SUB expr
          expr ::= expr * MUL expr
          expr ::= expr * DIV expr

                             $ reduce       0      formula ::= expr
                           ADD shift        5      
                           SUB shift        4      
                           MUL shift        3      
                           DIV shift        2      

State 8:
          expr ::= expr * ADD expr
          expr ::= expr * SUB expr
      (2) expr ::= expr SUB expr *
          expr ::= expr * MUL expr
          expr ::= expr * DIV expr

                           MUL shift        3      
                           DIV shift        2      
                     {default} reduce       2      expr ::= expr SUB expr

State 9:
          expr ::= expr * ADD expr
      (1) expr ::= expr ADD expr *
          expr ::= expr * SUB expr
          expr ::= expr * MUL expr
          expr ::= expr * DIV expr

                           MUL shift        3      
                           DIV shift        2      
                     {default} reduce       1      expr ::= expr ADD expr

----------------------------------------------------
Symbols:
The first-set of non-terminals is shown after the name.

    0: $:
    1: ADD (precedence=1)
    2: SUB (precedence=1)
    3: MUL (precedence=2)
    4: DIV (precedence=2)
    5: LPAREN
    6: RPAREN
    7: LITERAL
    8: formula: LPAREN LITERAL
    9: expr: LPAREN LITERAL
----------------------------------------------------
Syntax-only Symbols:
The following symbols never carry semantic content.

$ ADD SUB MUL DIV LPAREN RPAREN formula
----------------------------------------------------
Rules:
   0: formula ::= expr.
   1: expr ::= expr ADD expr. [ADD precedence=1]
   2: expr ::= expr SUB expr. [SUB precedence=1]
   3: expr ::= expr MUL expr. [MUL precedence=2]
   4: expr ::= expr DIV expr. [DIV precedence=2]
   5: expr ::= LPAREN expr RPAREN.
   6: expr ::= LITERAL.
