State 0:
          formula ::= * expr
          expr ::= * SUB expr
          expr ::= * expr ADD expr
          expr ::= * expr SUB expr
          expr ::= * expr MUL expr
          expr ::= * expr DIV expr
          expr ::= * LPAREN expr RPAREN
          expr ::= * LITERAL

                           SUB shift        5      
                        LPAREN shift        1      
                       LITERAL shift-reduce 7      expr ::= LITERAL
                       formula accept
                          expr shift        8      

State 1:
          expr ::= * SUB expr
          expr ::= * expr ADD expr
          expr ::= * expr SUB expr
          expr ::= * expr MUL expr
          expr ::= * expr DIV expr
          expr ::= * LPAREN expr RPAREN
          expr ::= LPAREN * expr RPAREN
          expr ::= * LITERAL

                           SUB shift        5      
                        LPAREN shift        1      
                       LITERAL shift-reduce 7      expr ::= LITERAL
                          expr shift        7      

State 2:
          expr ::= * SUB expr
          expr ::= * expr ADD expr
          expr ::= * expr SUB expr
          expr ::= * expr MUL expr
          expr ::= * expr DIV expr
          expr ::= expr DIV * expr
          expr ::= * LPAREN expr RPAREN
          expr ::= * LITERAL

                           SUB shift        5      
                        LPAREN shift        1      
                       LITERAL shift-reduce 7      expr ::= LITERAL
                          expr shift-reduce 5      expr ::= expr DIV expr

State 3:
          expr ::= * SUB expr
          expr ::= * expr ADD expr
          expr ::= * expr SUB expr
          expr ::= * expr MUL expr
          expr ::= expr MUL * expr
          expr ::= * expr DIV expr
          expr ::= * LPAREN expr RPAREN
          expr ::= * LITERAL

                           SUB shift        5      
                        LPAREN shift        1      
                       LITERAL shift-reduce 7      expr ::= LITERAL
                          expr shift-reduce 4      expr ::= expr MUL expr

State 4:
          expr ::= * SUB expr
          expr ::= * expr ADD expr
          expr ::= * expr SUB expr
          expr ::= expr SUB * expr
          expr ::= * expr MUL expr
          expr ::= * expr DIV expr
          expr ::= * LPAREN expr RPAREN
          expr ::= * LITERAL

                           SUB shift        5      
                        LPAREN shift        1      
                       LITERAL shift-reduce 7      expr ::= LITERAL
                          expr shift        10     

State 5:
          expr ::= * SUB expr
          expr ::= SUB * expr
          expr ::= * expr ADD expr
          expr ::= * expr SUB expr
          expr ::= * expr MUL expr
          expr ::= * expr DIV expr
          expr ::= * LPAREN expr RPAREN
          expr ::= * LITERAL

                           SUB shift        5      
                        LPAREN shift        1      
                       LITERAL shift-reduce 7      expr ::= LITERAL
                          expr shift        11     

State 6:
          expr ::= * SUB expr
          expr ::= * expr ADD expr
          expr ::= expr ADD * expr
          expr ::= * expr SUB expr
          expr ::= * expr MUL expr
          expr ::= * expr DIV expr
          expr ::= * LPAREN expr RPAREN
          expr ::= * LITERAL

                           SUB shift        5      
                        LPAREN shift        1      
                       LITERAL shift-reduce 7      expr ::= LITERAL
                          expr shift        9      

State 7:
          expr ::= expr * ADD expr
          expr ::= expr * SUB expr
          expr ::= expr * MUL expr
          expr ::= expr * DIV expr
          expr ::= LPAREN expr * RPAREN

                           ADD shift        6      
                           SUB shift        4      
                           MUL shift        3      
                           DIV shift        2      
                        RPAREN shift-reduce 6      expr ::= LPAREN expr RPAREN

State 8:
      (0) formula ::= expr *
          expr ::= expr * ADD expr
          expr ::= expr * SUB expr
          expr ::= expr * MUL expr
          expr ::= expr * DIV expr

                             $ reduce       0      formula ::= expr
                           ADD shift        6      
                           SUB shift        4      
                           MUL shift        3      
                           DIV shift        2      

State 9:
          expr ::= expr * ADD expr
      (2) expr ::= expr ADD expr *
          expr ::= expr * SUB expr
          expr ::= expr * MUL expr
          expr ::= expr * DIV expr

                           MUL shift        3      
                           DIV shift        2      
                     {default} reduce       2      expr ::= expr ADD expr

State 10:
          expr ::= expr * ADD expr
          expr ::= expr * SUB expr
      (3) expr ::= expr SUB expr *
          expr ::= expr * MUL expr
          expr ::= expr * DIV expr

                           MUL shift        3      
                           DIV shift        2      
                     {default} reduce       3      expr ::= expr SUB expr

State 11:
      (1) expr ::= SUB expr *
          expr ::= expr * ADD expr
          expr ::= expr * SUB expr
          expr ::= expr * MUL expr
          expr ::= expr * DIV expr

                           MUL shift        3      
                           DIV shift        2      
                     {default} reduce       1      expr ::= SUB expr

----------------------------------------------------
Symbols:
The first-set of non-terminals is shown after the name.

    0: $:
    1: ADD (precedence=1)
    2: SUB (precedence=1)
    3: MUL (precedence=2)
    4: DIV (precedence=2)
    5: LPAREN
    6: RPAREN
    7: LITERAL
    8: formula: SUB LPAREN LITERAL
    9: expr: SUB LPAREN LITERAL
----------------------------------------------------
Syntax-only Symbols:
The following symbols never carry semantic content.

$ ADD SUB MUL DIV LPAREN RPAREN formula
----------------------------------------------------
Rules:
   0: formula ::= expr.
   1: expr ::= SUB expr. [SUB precedence=1]
   2: expr ::= expr ADD expr. [ADD precedence=1]
   3: expr ::= expr SUB expr. [SUB precedence=1]
   4: expr ::= expr MUL expr. [MUL precedence=2]
   5: expr ::= expr DIV expr. [DIV precedence=2]
   6: expr ::= LPAREN expr RPAREN.
   7: expr ::= LITERAL.
